This file contains any messages produced by compilers while
running configure, to aid debugging if configure makes a mistake.

It was created by zbar configure 0.10, which was
generated by GNU Autoconf 2.63.  Invocation command line was

  $ ./configure --host=aarch64-linux-gnu --prefix=/data/tarzan/sac_release_sdk/sdk_source/middleware/sample/zbar/zbar-0.10/_install --enable-shared -disable-static --disable-video --without-x --without-xshm --without-xv --without-jpeg --without-imagemagick --without-gtk --without-python --without-qtaarch64-linux-gnu-

## --------- ##
## Platform. ##
## --------- ##

hostname = workstation
uname -m = x86_64
uname -r = 4.15.0-136-generic
uname -s = Linux
uname -v = #140-Ubuntu SMP Thu Jan 28 05:20:47 UTC 2021

/usr/bin/uname -p = unknown
/bin/uname -X     = unknown

/bin/arch              = unknown
/usr/bin/arch -k       = unknown
/usr/convex/getsysinfo = unknown
/usr/bin/hostinfo      = unknown
/bin/machine           = unknown
/usr/bin/oslevel       = unknown
/bin/universe          = unknown

PATH: /data/tarzan/sac_release_sdk/sdk_source/host-tools/gcc/gcc-linaro-6.3.1-2017.05-x86_64_arm-linux-gnueabihf/bin
PATH: /data/tarzan/sac_release_sdk/sdk_source/host-tools/gcc/gcc-linaro-6.3.1-2017.05-x86_64_aarch64-linux-gnu/bin
PATH: /usr/local/sbin
PATH: /usr/local/bin
PATH: /usr/sbin
PATH: /usr/bin
PATH: /sbin
PATH: /bin
PATH: /usr/games
PATH: /usr/local/games
PATH: /snap/bin
PATH: /data/tarzan/sac_release_sdk/sdk_source/host-tools/gcc/arm-cvitek-linux-uclibcgnueabihf


## ----------- ##
## Core tests. ##
## ----------- ##

configure:2260: checking for a BSD-compatible install
configure:2328: result: /usr/bin/install -c
configure:2339: checking whether build environment is sane
configure:2382: result: yes
configure:2407: checking for a thread-safe mkdir -p
configure:2446: result: /bin/mkdir -p
configure:2459: checking for gawk
configure:2489: result: no
configure:2459: checking for mawk
configure:2475: found /usr/bin/mawk
configure:2486: result: mawk
configure:2497: checking whether make sets $(MAKE)
configure:2519: result: yes
configure:2599: checking for aarch64-linux-gnu-strip
configure:2615: found /data/tarzan/sac_release_sdk/sdk_source/host-tools/gcc/gcc-linaro-6.3.1-2017.05-x86_64_aarch64-linux-gnu/bin/aarch64-linux-gnu-strip
configure:2626: result: aarch64-linux-gnu-strip
configure:2738: checking build system type
configure:2756: result: x86_64-unknown-linux-gnu
configure:2778: checking host system type
configure:2787: error: /bin/bash config/config.sub aarch64-linux-gnu failed

## ---------------- ##
## Cache variables. ##
## ---------------- ##

ac_cv_build=x86_64-unknown-linux-gnu
ac_cv_env_CCC_set=
ac_cv_env_CCC_value=
ac_cv_env_CC_set=
ac_cv_env_CC_value=
ac_cv_env_CFLAGS_set=
ac_cv_env_CFLAGS_value=
ac_cv_env_CPPFLAGS_set=
ac_cv_env_CPPFLAGS_value=
ac_cv_env_CPP_set=
ac_cv_env_CPP_value=
ac_cv_env_CXXCPP_set=
ac_cv_env_CXXCPP_value=
ac_cv_env_CXXFLAGS_set=
ac_cv_env_CXXFLAGS_value=
ac_cv_env_CXX_set=
ac_cv_env_CXX_value=
ac_cv_env_GLIB_GENMARSHAL_set=
ac_cv_env_GLIB_GENMARSHAL_value=
ac_cv_env_GTK_CFLAGS_set=
ac_cv_env_GTK_CFLAGS_value=
ac_cv_env_GTK_LIBS_set=
ac_cv_env_GTK_LIBS_value=
ac_cv_env_LDFLAGS_set=
ac_cv_env_LDFLAGS_value=
ac_cv_env_LIBS_set=
ac_cv_env_LIBS_value=
ac_cv_env_MAGICK_CFLAGS_set=
ac_cv_env_MAGICK_CFLAGS_value=
ac_cv_env_MAGICK_LIBS_set=
ac_cv_env_MAGICK_LIBS_value=
ac_cv_env_MOC_set=
ac_cv_env_MOC_value=
ac_cv_env_NPAPI_CFLAGS_set=
ac_cv_env_NPAPI_CFLAGS_value=
ac_cv_env_NPAPI_LIBS_set=
ac_cv_env_NPAPI_LIBS_value=
ac_cv_env_PKG_CONFIG_set=
ac_cv_env_PKG_CONFIG_value=
ac_cv_env_PYGTK_CFLAGS_set=
ac_cv_env_PYGTK_CFLAGS_value=
ac_cv_env_PYGTK_CODEGEN_set=
ac_cv_env_PYGTK_CODEGEN_value=
ac_cv_env_PYGTK_DEFS_set=
ac_cv_env_PYGTK_DEFS_value=
ac_cv_env_PYGTK_H2DEF_set=
ac_cv_env_PYGTK_H2DEF_value=
ac_cv_env_PYGTK_LIBS_set=
ac_cv_env_PYGTK_LIBS_value=
ac_cv_env_PYTHON_CFLAGS_set=
ac_cv_env_PYTHON_CFLAGS_value=
ac_cv_env_PYTHON_CONFIG_set=
ac_cv_env_PYTHON_CONFIG_value=
ac_cv_env_PYTHON_LIBS_set=
ac_cv_env_PYTHON_LIBS_value=
ac_cv_env_QT_CFLAGS_set=
ac_cv_env_QT_CFLAGS_value=
ac_cv_env_QT_LIBS_set=
ac_cv_env_QT_LIBS_value=
ac_cv_env_XMKMF_set=
ac_cv_env_XMKMF_value=
ac_cv_env_XMLTOFLAGS_set=
ac_cv_env_XMLTOFLAGS_value=
ac_cv_env_XMLTO_set=
ac_cv_env_XMLTO_value=
ac_cv_env_XSHM_LIBS_set=
ac_cv_env_XSHM_LIBS_value=
ac_cv_env_XV_LIBS_set=
ac_cv_env_XV_LIBS_value=
ac_cv_env_build_alias_set=
ac_cv_env_build_alias_value=
ac_cv_env_host_alias_set=set
ac_cv_env_host_alias_value=aarch64-linux-gnu
ac_cv_env_target_alias_set=
ac_cv_env_target_alias_value=
ac_cv_host=
ac_cv_path_install='/usr/bin/install -c'
ac_cv_path_mkdir=/bin/mkdir
ac_cv_prog_AWK=mawk
ac_cv_prog_STRIP=aarch64-linux-gnu-strip
ac_cv_prog_make_make_set=yes

## ----------------- ##
## Output variables. ##
## ----------------- ##

ACLOCAL='${SHELL} /data/tarzan/sac_release_sdk/sdk_source/middleware/sample/zbar/zbar-0.10/config/missing --run aclocal-1.10'
AMDEPBACKSLASH=''
AMDEP_FALSE=''
AMDEP_TRUE=''
AMTAR='${SHELL} /data/tarzan/sac_release_sdk/sdk_source/middleware/sample/zbar/zbar-0.10/config/missing --run tar'
AR=''
AS=''
AUTOCONF='${SHELL} /data/tarzan/sac_release_sdk/sdk_source/middleware/sample/zbar/zbar-0.10/config/missing --run autoconf'
AUTOHEADER='${SHELL} /data/tarzan/sac_release_sdk/sdk_source/middleware/sample/zbar/zbar-0.10/config/missing --run autoheader'
AUTOMAKE='${SHELL} /data/tarzan/sac_release_sdk/sdk_source/middleware/sample/zbar/zbar-0.10/config/missing --run automake-1.10'
AWK='mawk'
CC=''
CCDEPMODE=''
CFLAGS=''
CPP=''
CPPFLAGS=''
CXX=''
CXXCPP=''
CXXDEPMODE=''
CXXFLAGS=''
CYGPATH_W='echo'
DEFS=''
DEPDIR=''
DLLTOOL=''
DSYMUTIL=''
DUMPBIN=''
ECHO_C=''
ECHO_N='-n'
ECHO_T=''
EGREP=''
ENABLE_CODE128_FALSE=''
ENABLE_CODE128_TRUE=''
ENABLE_CODE39_FALSE=''
ENABLE_CODE39_TRUE=''
ENABLE_EAN_FALSE=''
ENABLE_EAN_TRUE=''
ENABLE_I25_FALSE=''
ENABLE_I25_TRUE=''
ENABLE_PDF417_FALSE=''
ENABLE_PDF417_TRUE=''
ENABLE_QRCODE_FALSE=''
ENABLE_QRCODE_TRUE=''
EXEEXT=''
FGREP=''
GLIB_GENMARSHAL=''
GREP=''
GTK_CFLAGS=''
GTK_LIBS=''
HAVE_GTK_FALSE=''
HAVE_GTK_TRUE=''
HAVE_JPEG_FALSE=''
HAVE_JPEG_TRUE=''
HAVE_MAGICK_FALSE=''
HAVE_MAGICK_TRUE=''
HAVE_NPAPI_FALSE=''
HAVE_NPAPI_TRUE=''
HAVE_POLL_FALSE=''
HAVE_POLL_TRUE=''
HAVE_PYTHON_FALSE=''
HAVE_PYTHON_TRUE=''
HAVE_QT_FALSE=''
HAVE_QT_TRUE=''
HAVE_V4L1_FALSE=''
HAVE_V4L1_TRUE=''
HAVE_V4L2_FALSE=''
HAVE_V4L2_TRUE=''
HAVE_VIDEO_FALSE=''
HAVE_VIDEO_TRUE=''
HAVE_XSHM_FALSE=''
HAVE_XSHM_TRUE=''
HAVE_XV_FALSE=''
HAVE_XV_TRUE=''
HAVE_X_FALSE=''
HAVE_X_TRUE=''
INSTALL_DATA='${INSTALL} -m 644'
INSTALL_PROGRAM='${INSTALL}'
INSTALL_SCRIPT='${INSTALL}'
INSTALL_STRIP_PROGRAM='$(install_sh) -c -s'
LD=''
LDFLAGS=''
LIBICONV=''
LIBOBJS=''
LIBS=''
LIBTOOL=''
LIB_VERSION=''
LIPO=''
LN_S=''
LTLIBICONV=''
LTLIBOBJS=''
MAGICK_CFLAGS=''
MAGICK_LIBS=''
MAKEINFO='${SHELL} /data/tarzan/sac_release_sdk/sdk_source/middleware/sample/zbar/zbar-0.10/config/missing --run makeinfo'
MKDIR_P='/bin/mkdir -p'
MOC=''
NM=''
NMEDIT=''
NPAPI_CFLAGS=''
NPAPI_LIBS=''
OBJDUMP=''
OBJEXT=''
OTOOL64=''
OTOOL=''
PACKAGE='zbar'
PACKAGE_BUGREPORT='spadix@users.sourceforge.net'
PACKAGE_NAME='zbar'
PACKAGE_STRING='zbar 0.10'
PACKAGE_TARNAME='zbar'
PACKAGE_VERSION='0.10'
PATH_SEPARATOR=':'
PKG_CONFIG=''
PYGTK_CFLAGS=''
PYGTK_CODEGEN=''
PYGTK_DEFS=''
PYGTK_H2DEF=''
PYGTK_LIBS=''
PYTHON=''
PYTHON_CFLAGS=''
PYTHON_CONFIG=''
PYTHON_EXEC_PREFIX=''
PYTHON_LIBS=''
PYTHON_PLATFORM=''
PYTHON_PREFIX=''
PYTHON_VERSION=''
QT_CFLAGS=''
QT_LIBS=''
RANLIB=''
RC=''
RELDATE=''
SED=''
SET_MAKE=''
SHELL='/bin/bash'
STRIP='aarch64-linux-gnu-strip'
VERSION='0.10'
WIN32_FALSE=''
WIN32_TRUE=''
XMKMF=''
XMLTO=''
XMLTOFLAGS=''
XSHM_LIBS=''
XV_LIBS=''
X_CFLAGS=''
X_EXTRA_LIBS=''
X_LIBS=''
X_PRE_LIBS=''
ZGTK_LIB_VERSION=''
ZQT_LIB_VERSION=''
ac_ct_CC=''
ac_ct_CXX=''
ac_ct_DUMPBIN=''
am__fastdepCC_FALSE=''
am__fastdepCC_TRUE=''
am__fastdepCXX_FALSE=''
am__fastdepCXX_TRUE=''
am__include=''
am__isrc=''
am__leading_dot='.'
am__quote=''
am__tar='${AMTAR} chof - "$$tardir"'
am__untar='${AMTAR} xf -'
bindir='${exec_prefix}/bin'
build='x86_64-unknown-linux-gnu'
build_alias=''
build_cpu='x86_64'
build_os='linux-gnu'
build_vendor='unknown'
datadir='${datarootdir}'
datarootdir='${prefix}/share'
docdir='${datarootdir}/doc/${PACKAGE_TARNAME}'
dvidir='${docdir}'
exec_prefix='NONE'
host='aarch64-linux-gnu'
host_alias='aarch64-linux-gnu'
host_cpu=''
host_os=''
host_vendor=''
htmldir='${docdir}'
includedir='${prefix}/include'
infodir='${datarootdir}/info'
install_sh='$(SHELL) /data/tarzan/sac_release_sdk/sdk_source/middleware/sample/zbar/zbar-0.10/config/install-sh'
libdir='${exec_prefix}/lib'
libexecdir='${exec_prefix}/libexec'
localedir='${datarootdir}/locale'
localstatedir='${prefix}/var'
lt_ECHO='echo'
mandir='${datarootdir}/man'
mkdir_p='/bin/mkdir -p'
oldincludedir='/usr/include'
pdfdir='${docdir}'
pkgpyexecdir=''
pkgpythondir=''
prefix='/data/tarzan/sac_release_sdk/sdk_source/middleware/sample/zbar/zbar-0.10/_install'
program_transform_name='s,x,x,'
psdir='${docdir}'
pyexecdir=''
pythondir=''
sbindir='${exec_prefix}/sbin'
sharedstatedir='${prefix}/com'
sysconfdir='${prefix}/etc'
target_alias=''

## ----------- ##
## confdefs.h. ##
## ----------- ##

#define PACKAGE_NAME "zbar"
#define PACKAGE_TARNAME "zbar"
#define PACKAGE_VERSION "0.10"
#define PACKAGE_STRING "zbar 0.10"
#define PACKAGE_BUGREPORT "spadix@users.sourceforge.net"
#define PACKAGE "zbar"
#define VERSION "0.10"

configure: exit 1
